<?xml version="1.0" encoding="UTF-8"?>
<!-- Generated by org.testng.reporters.JUnitReportReporter -->
<testsuite hostname="MSI" failures="0" tests="2" name="Testng.TestEnabledDisabled" time="0.008" errors="0" timestamp="2025-08-18T13:58:57 IST" skipped="1">
  <testcase classname="Testng.TestEnabledDisabled" name="activeTest" time="0.008"/>
  <testcase classname="Testng.TestEnabledDisabled" name="disabledTest">
    <skipped/>
  </testcase> <!-- disabledTest -->
</testsuite> <!-- Testng.TestEnabledDisabled -->
