<?xml version="1.0" encoding="UTF-8"?>
<!-- Generated by org.testng.reporters.JUnitReportReporter -->
<testsuite hostname="MSI" failures="0" tests="3" name="Testing_package.Ebay_testing" time="13.058" errors="0" timestamp="2025-08-13T12:26:25 IST" skipped="0">
  <testcase classname="Testing_package.Ebay_testing" name="search" time="3.760"/>
  <testcase classname="Testing_package.Ebay_testing" name="search1" time="4.838"/>
  <testcase classname="Testing_package.Ebay_testing" name="search2" time="4.460"/>
</testsuite> <!-- Testing_package.Ebay_testing -->
