<?xml version="1.0" encoding="UTF-8"?>
<!-- Generated by org.testng.reporters.JUnitReportReporter -->
<testsuite hostname="MSI" failures="0" tests="13" name="Asserts_demo.EbayLoginTests" time="0.115" errors="0" timestamp="2025-08-18T13:02:39 IST" skipped="4">
  <testcase classname="Asserts_demo.EbayLoginTests" name="dataDrivenLoginTest" time="0.012"/>
  <testcase classname="Asserts_demo.EbayLoginTests" name="parameterizedLoginTest" time="0.002">
    <skipped/>
  </testcase> <!-- parameterizedLoginTest -->
  <testcase classname="Asserts_demo.EbayLoginTests" name="dataDrivenLoginTest" time="0.002"/>
  <testcase classname="Asserts_demo.EbayLoginTests" name="dataDrivenLoginTest" time="0.002"/>
  <testcase classname="Asserts_demo.EbayLoginTests" name="login" time="0.068"/>
  <testcase classname="Asserts_demo.EbayLoginTests" name="dataDrivenLoginTest" time="0.003"/>
  <testcase classname="Asserts_demo.EbayLoginTests" name="checkLoginPageTitle" time="0.005"/>
  <testcase classname="Asserts_demo.EbayLoginTests" name="navigateToLoginPage" time="0.005"/>
  <testcase classname="Asserts_demo.EbayLoginTests" name="checkLoginPageTitle" time="0.008"/>
  <testcase classname="Asserts_demo.EbayLoginTests" name="checkLoginPageTitle" time="0.007"/>
  <testcase classname="Asserts_demo.EbayLoginTests" name="logout" time="0.000">
    <skipped/>
  </testcase> <!-- logout -->
  <testcase classname="Asserts_demo.EbayLoginTests" name="searchProduct" time="0.001">
    <skipped/>
  </testcase> <!-- searchProduct -->
  <testcase classname="Asserts_demo.EbayLoginTests" name="disabledTest">
    <skipped/>
  </testcase> <!-- disabledTest -->
</testsuite> <!-- Asserts_demo.EbayLoginTests -->
