<?xml version="1.0" encoding="UTF-8"?>
<!-- Generated by org.testng.reporters.JUnitReportReporter -->
<testsuite hostname="MSI" failures="0" tests="4" name="Testing_package.ExcelTest" time="18.993" errors="0" timestamp="2025-08-16T16:38:28 IST" skipped="0">
  <testcase classname="Testing_package.ExcelTest" name="testLogin" time="3.754"/>
  <testcase classname="Testing_package.ExcelTest" name="testLogin" time="7.245"/>
  <testcase classname="Testing_package.ExcelTest" name="testLogin" time="4.180"/>
  <testcase classname="Testing_package.ExcelTest" name="testLogin" time="3.814"/>
</testsuite> <!-- Testing_package.ExcelTest -->
