<?xml version="1.0" encoding="UTF-8"?>
<!-- Generated by org.testng.reporters.JUnitReportReporter -->
<testsuite hostname="MSI" failures="0" tests="2" name="Testing_package.eBayTestCases" time="37.813" errors="0" timestamp="2025-08-18T23:31:01 IST" skipped="0">
  <testcase classname="Testing_package.eBayTestCases" name="testLogin" time="14.935"/>
  <testcase classname="Testing_package.eBayTestCases" name="changeaddress" time="22.878"/>
</testsuite> <!-- Testing_package.eBayTestCases -->
