<?xml version="1.0" encoding="UTF-8"?>
<!-- Generated by org.testng.reporters.JUnitReportReporter -->
<testsuite hostname="MSI" failures="0" tests="7" name="Testng.dataprovider" time="18.652" errors="0" timestamp="2025-08-20T23:53:50 IST" skipped="0">
  <testcase classname="Testng.dataprovider" name="testLoginWithMultipleCredentials" time="2.348"/>
  <testcase classname="Testng.dataprovider" name="testLoginWithMultipleCredentials" time="2.173"/>
  <testcase classname="Testng.dataprovider" name="testLoginWithMultipleCredentials" time="7.194"/>
  <testcase classname="Testng.dataprovider" name="testLoginWithMultipleCredentials" time="2.075"/>
  <testcase classname="Testng.dataprovider" name="testLoginWithMultipleCredentials" time="1.627"/>
  <testcase classname="Testng.dataprovider" name="testLoginWithMultipleCredentials" time="1.664"/>
  <testcase classname="Testng.dataprovider" name="testLoginWithMultipleCredentials" time="1.571"/>
</testsuite> <!-- Testng.dataprovider -->
