<?xml version="1.0" encoding="UTF-8"?>
<!-- Generated by org.testng.reporters.JUnitReportReporter -->
<testsuite hostname="MSI" failures="0" tests="2" name="Testng.enableddisable" time="0.007" errors="0" timestamp="2025-08-20T21:22:36 IST" skipped="1">
  <testcase classname="Testng.enableddisable" name="activeTest" time="0.007"/>
  <testcase classname="Testng.enableddisable" name="disabledTest">
    <skipped/>
  </testcase> <!-- disabledTest -->
</testsuite> <!-- Testng.enableddisable -->
