<?xml version="1.0" encoding="UTF-8"?>
<!-- Generated by org.testng.reporters.JUnitReportReporter -->
<testsuite hostname="MSI" failures="0" tests="1" name="Testing_package.wait_ex" time="3.275" errors="0" timestamp="2025-08-14T15:19:41 IST" skipped="0">
  <testcase classname="Testing_package.wait_ex" name="openpage" time="3.275"/>
</testsuite> <!-- Testing_package.wait_ex -->
