<?xml version="1.0" encoding="UTF-8"?>
<!-- Generated by org.testng.reporters.JUnitReportReporter -->
<testsuite hostname="MSI" failures="0" tests="1" name="Testng.LoginPageTests" time="0.008" errors="0" timestamp="2025-08-18T13:58:14 IST" skipped="0">
  <testcase classname="Testng.LoginPageTests" name="test" time="0.008"/>
</testsuite> <!-- Testng.LoginPageTests -->
