<?xml version="1.0" encoding="UTF-8"?>
<!-- Generated by org.testng.reporters.JUnitReportReporter -->
<testsuite hostname="MSI" failures="0" tests="3" name="Testng.dependent" time="11.193" errors="0" timestamp="2025-08-20T23:49:13 IST" skipped="0">
  <testcase classname="Testng.dependent" name="searchProduct" time="2.522"/>
  <testcase classname="Testng.dependent" name="logout" time="5.143"/>
  <testcase classname="Testng.dependent" name="login" time="3.528"/>
</testsuite> <!-- Testng.dependent -->
