<?xml version="1.0" encoding="UTF-8"?>
<!-- Generated by org.testng.reporters.JUnitReportReporter -->
<testsuite hostname="MSI" failures="0" tests="3" name="Testing_package.Crossbrowser" time="20.230" errors="0" timestamp="2025-08-14T14:54:56 IST" skipped="0">
  <testcase classname="Testing_package.Crossbrowser" name="chromeBrowser" time="6.830"/>
  <testcase classname="Testing_package.Crossbrowser" name="edgeBrowser" time="6.401"/>
  <testcase classname="Testing_package.Crossbrowser" name="firefoxBrowser" time="6.999"/>
</testsuite> <!-- Testing_package.Crossbrowser -->
