<?xml version="1.0" encoding="UTF-8"?>
<!-- Generated by org.testng.reporters.JUnitReportReporter -->
<testsuite hostname="MSI" failures="0" tests="1" name="Testing_package.TestClass1" time="9.285" errors="0" timestamp="2025-08-14T14:30:48 IST" skipped="0">
  <testcase classname="Testing_package.TestClass1" name="amazon" time="9.285"/>
</testsuite> <!-- Testing_package.TestClass1 -->
