<?xml version="1.0" encoding="UTF-8"?>
<!-- Generated by org.testng.reporters.JUnitReportReporter -->
<testsuite hostname="MSI" failures="0" tests="1" name="Testng.loginpage" time="0.012" errors="0" timestamp="2025-08-20T21:22:36 IST" skipped="0">
  <testcase classname="Testng.loginpage" name="test" time="0.012"/>
</testsuite> <!-- Testng.loginpage -->
